SF:lib/Domain/email.dart
DA:9,3
DA:16,1
DA:17,1
DA:20,1
DA:21,2
DA:22,0
DA:24,2
DA:25,1
DA:30,1
DA:32,1
DA:33,1
LF:11
LH:10
end_of_record
SF:lib/Common/failure.dart
DA:5,2
LF:1
LH:1
end_of_record
SF:lib/Common/form_entry.dart
DA:7,0
DA:14,1
DA:16,1
DA:17,2
DA:19,1
DA:21,2
DA:24,0
DA:26,0
LF:8
LH:5
end_of_record
SF:lib/Features/Login/Bloc/login_action.dart
DA:7,1
DA:12,1
DA:18,1
LF:3
LH:3
end_of_record
SF:lib/Features/Login/Bloc/login_page_bloc.dart
DA:21,1
DA:22,0
DA:23,1
DA:26,1
DA:28,1
DA:31,1
DA:33,1
DA:34,3
DA:35,1
DA:36,2
DA:40,1
DA:41,3
DA:42,1
DA:43,2
DA:47,1
DA:48,2
DA:52,1
DA:53,3
DA:54,3
DA:57,1
DA:59,2
DA:61,1
DA:63,2
DA:67,2
DA:68,1
DA:69,3
DA:70,2
DA:72,2
DA:73,1
DA:74,1
DA:75,1
DA:77,1
LF:32
LH:31
end_of_record
SF:lib/Features/Login/Bloc/login_state.dart
DA:4,1
DA:6,1
DA:7,1
LF:3
LH:3
end_of_record
SF:lib/Features/Login/login_usecase.dart
DA:12,0
DA:13,0
DA:17,0
DA:18,0
DA:19,0
DA:23,0
DA:24,0
DA:25,0
DA:28,0
DA:29,0
LF:10
LH:0
end_of_record
SF:lib/Repository/login_repository.dart
DA:10,0
DA:14,0
DA:15,0
DA:18,0
DA:20,0
DA:24,0
DA:26,0
DA:30,0
DA:32,0
LF:9
LH:0
end_of_record
SF:lib/Domain/biometric_authenticate.dart
DA:11,0
DA:14,0
DA:17,0
DA:18,0
DA:19,0
DA:21,0
DA:24,0
DA:27,0
DA:28,0
DA:29,0
DA:31,0
DA:34,0
DA:37,0
DA:38,0
DA:39,0
DA:40,0
DA:41,0
DA:42,0
DA:43,0
DA:44,0
DA:45,0
DA:47,0
DA:48,0
DA:51,0
DA:52,0
LF:25
LH:0
end_of_record
SF:lib/Domain/password.dart
DA:6,0
DA:13,0
DA:14,0
DA:17,0
DA:18,0
DA:19,0
DA:21,0
DA:22,0
DA:27,0
DA:30,0
DA:31,0
LF:11
LH:0
end_of_record
